<?xml version="1.0" encoding="UTF-8"?>
<TestRun id="16e2cd93-8aed-49b8-91ee-5b9f2d6a5636" name="Administrador@SERVERSISE 2015-09-15 21:05:59" runUser="SERVERSISE\Administrador" xmlns="http://microsoft.com/schemas/VisualStudio/TeamTest/2010">
  <TestSettings name="Local" id="f3298eb5-b0a1-4303-a41b-f939dc0c59d5">
    <Description>Esta es la configuración de pruebas predeterminada para una ejecución de pruebas local.</Description>
    <Deployment enabled="false" runDeploymentRoot="Administrador_SERVERSISE 2015-09-15 21_05_59" />
    <Execution>
      <TestTypeSpecific />
      <AgentRule name="Execution Agents">
      </AgentRule>
    </Execution>
  </TestSettings>
  <Times creation="2015-09-15T21:05:59.4784076-05:00" queuing="2015-09-15T21:06:00.0994432-05:00" start="2015-09-15T21:06:00.1874482-05:00" finish="2015-09-15T21:06:03.6696474-05:00" />
  <ResultSummary outcome="Completed">
    <Counters total="1" executed="1" passed="1" error="0" failed="0" timeout="0" aborted="0" inconclusive="0" passedButRunAborted="0" notRunnable="0" notExecuted="0" disconnected="0" warning="0" completed="0" inProgress="0" pending="0" />
  </ResultSummary>
  <TestDefinitions>
    <UnitTest name="TestMethod1" storage="d:\administrador\documents\visual studio 2010\projects\proyectodsd\servicestest\bin\debug\servicestest.dll" id="b751a097-dd27-2c41-131d-0527336e262a">
      <Execution id="a6cd1fdc-d7a3-4e33-825e-298345741e7b" />
      <TestMethod codeBase="D:/Administrador/Documents/Visual Studio 2010/Projects/ProyectoDSD/ServicesTest/bin/Debug/ServicesTest.DLL" adapterTypeName="Microsoft.VisualStudio.TestTools.TestTypes.Unit.UnitTestAdapter, Microsoft.VisualStudio.QualityTools.Tips.UnitTest.Adapter, Version=10.0.0.0, Culture=neutral, PublicKeyToken=b03f5f7f11d50a3a" className="ServicesTest.UnitTest1, ServicesTest, Version=1.0.0.0, Culture=neutral, PublicKeyToken=null" name="TestMethod1" />
    </UnitTest>
  </TestDefinitions>
  <TestLists>
    <TestList name="Resultados que no están en la lista" id="8c84fa94-04c1-424b-9868-57a2d4851a1d" />
    <TestList name="Todos los resultados cargados" id="19431567-8539-422a-85d7-44ee4e166bda" />
  </TestLists>
  <TestEntries>
    <TestEntry testId="b751a097-dd27-2c41-131d-0527336e262a" executionId="a6cd1fdc-d7a3-4e33-825e-298345741e7b" testListId="8c84fa94-04c1-424b-9868-57a2d4851a1d" />
  </TestEntries>
  <Results>
    <UnitTestResult executionId="a6cd1fdc-d7a3-4e33-825e-298345741e7b" testId="b751a097-dd27-2c41-131d-0527336e262a" testName="TestMethod1" computerName="SERVERSISE" duration="00:00:01.1418807" startTime="2015-09-15T21:06:00.2304507-05:00" endTime="2015-09-15T21:06:01.8575437-05:00" testType="13cdc9d9-ddb5-4fa4-a97d-d965ccfc6d4b" outcome="Passed" testListId="8c84fa94-04c1-424b-9868-57a2d4851a1d" relativeResultsDirectory="a6cd1fdc-d7a3-4e33-825e-298345741e7b">
    </UnitTestResult>
  </Results>
</TestRun>